d:\users\danielle\documents\csc 591 game engine foundations\spaceinvaders\client\debug\vc142.pdb
d:\users\danielle\documents\csc 591 game engine foundations\spaceinvaders\client\debug\vc142.idb
d:\users\danielle\documents\csc 591 game engine foundations\spaceinvaders\client\debug\duktape.obj
d:\users\danielle\documents\csc 591 game engine foundations\spaceinvaders\client\debug\client.obj
d:\users\danielle\documents\csc 591 game engine foundations\spaceinvaders\client\debug\scriptmanager.obj
d:\users\danielle\documents\csc 591 game engine foundations\spaceinvaders\client\debug\realtimeline.obj
d:\users\danielle\documents\csc 591 game engine foundations\spaceinvaders\client\debug\player.obj
d:\users\danielle\documents\csc 591 game engine foundations\spaceinvaders\client\debug\movebyuserinput.obj
d:\users\danielle\documents\csc 591 game engine foundations\spaceinvaders\client\debug\inputhandler.obj
d:\users\danielle\documents\csc 591 game engine foundations\spaceinvaders\client\debug\gametimeline.obj
d:\users\danielle\documents\csc 591 game engine foundations\spaceinvaders\client\debug\gameobject.obj
d:\users\danielle\documents\csc 591 game engine foundations\spaceinvaders\client\debug\eventmanager.obj
d:\users\danielle\documents\csc 591 game engine foundations\spaceinvaders\client\debug\event.obj
d:\users\danielle\documents\csc 591 game engine foundations\spaceinvaders\client\debug\drawasrectangle.obj
d:\users\danielle\documents\csc 591 game engine foundations\spaceinvaders\client\debug\drawasellipse.obj
d:\users\danielle\documents\csc 591 game engine foundations\spaceinvaders\client\debug\collisionmediator.obj
d:\users\danielle\documents\csc 591 game engine foundations\spaceinvaders\client\debug\bullet.obj
d:\users\danielle\documents\csc 591 game engine foundations\spaceinvaders\client\debug\alien.obj
d:\users\danielle\documents\csc 591 game engine foundations\spaceinvaders\debug\client.exe
d:\users\danielle\documents\csc 591 game engine foundations\spaceinvaders\debug\client.ilk
d:\users\danielle\documents\csc 591 game engine foundations\spaceinvaders\debug\client.pdb
d:\users\danielle\documents\csc 591 game engine foundations\spaceinvaders\client\debug\client.tlog\cl.command.1.tlog
d:\users\danielle\documents\csc 591 game engine foundations\spaceinvaders\client\debug\client.tlog\cl.read.1.tlog
d:\users\danielle\documents\csc 591 game engine foundations\spaceinvaders\client\debug\client.tlog\cl.write.1.tlog
d:\users\danielle\documents\csc 591 game engine foundations\spaceinvaders\client\debug\client.tlog\link.command.1.tlog
d:\users\danielle\documents\csc 591 game engine foundations\spaceinvaders\client\debug\client.tlog\link.read.1.tlog
d:\users\danielle\documents\csc 591 game engine foundations\spaceinvaders\client\debug\client.tlog\link.write.1.tlog
