  duktape.c
  Alien.cpp
  Bullet.cpp
  CollisionMediator.cpp
D:\Users\Danielle\Documents\CSC 591 Game Engine Foundations\SpaceInvaders\Server\CollisionMediator.cpp(16,69): warning C4244: 'argument': conversion from 'int' to 'T', possible loss of data
          with
          [
              T=float
          ]
D:\Users\Danielle\Documents\CSC 591 Game Engine Foundations\SpaceInvaders\Server\CollisionMediator.cpp(16,54): warning C4244: 'argument': conversion from 'int' to 'T', possible loss of data
          with
          [
              T=float
          ]
D:\Users\Danielle\Documents\CSC 591 Game Engine Foundations\SpaceInvaders\Server\CollisionMediator.cpp(21,20): warning C4018: '<': signed/unsigned mismatch
D:\Users\Danielle\Documents\CSC 591 Game Engine Foundations\SpaceInvaders\Server\CollisionMediator.cpp(23,96): warning C4244: 'argument': conversion from 'int' to 'T', possible loss of data
          with
          [
              T=float
          ]
D:\Users\Danielle\Documents\CSC 591 Game Engine Foundations\SpaceInvaders\Server\CollisionMediator.cpp(23,78): warning C4244: 'argument': conversion from 'int' to 'T', possible loss of data
          with
          [
              T=float
          ]
D:\Users\Danielle\Documents\CSC 591 Game Engine Foundations\SpaceInvaders\Server\CollisionMediator.cpp(34,69): warning C4244: 'argument': conversion from 'int' to 'T', possible loss of data
          with
          [
              T=float
          ]
D:\Users\Danielle\Documents\CSC 591 Game Engine Foundations\SpaceInvaders\Server\CollisionMediator.cpp(34,54): warning C4244: 'argument': conversion from 'int' to 'T', possible loss of data
          with
          [
              T=float
          ]
D:\Users\Danielle\Documents\CSC 591 Game Engine Foundations\SpaceInvaders\Server\CollisionMediator.cpp(39,20): warning C4018: '<': signed/unsigned mismatch
D:\Users\Danielle\Documents\CSC 591 Game Engine Foundations\SpaceInvaders\Server\CollisionMediator.cpp(41,96): warning C4244: 'argument': conversion from 'int' to 'T', possible loss of data
          with
          [
              T=float
          ]
D:\Users\Danielle\Documents\CSC 591 Game Engine Foundations\SpaceInvaders\Server\CollisionMediator.cpp(41,78): warning C4244: 'argument': conversion from 'int' to 'T', possible loss of data
          with
          [
              T=float
          ]
D:\Users\Danielle\Documents\CSC 591 Game Engine Foundations\SpaceInvaders\Server\CollisionMediator.cpp(45,58): warning C4244: 'argument': conversion from 'int' to 'float', possible loss of data
D:\Users\Danielle\Documents\CSC 591 Game Engine Foundations\SpaceInvaders\Server\CollisionMediator.cpp(45,38): warning C4244: 'argument': conversion from 'int' to 'float', possible loss of data
D:\Users\Danielle\Documents\CSC 591 Game Engine Foundations\SpaceInvaders\Server\CollisionMediator.cpp(51,65): warning C4244: 'argument': conversion from 'int' to 'float', possible loss of data
D:\Users\Danielle\Documents\CSC 591 Game Engine Foundations\SpaceInvaders\Server\CollisionMediator.cpp(51,45): warning C4244: 'argument': conversion from 'int' to 'float', possible loss of data
D:\Users\Danielle\Documents\CSC 591 Game Engine Foundations\SpaceInvaders\Server\CollisionMediator.cpp(58,20): warning C4018: '<': signed/unsigned mismatch
D:\Users\Danielle\Documents\CSC 591 Game Engine Foundations\SpaceInvaders\Server\CollisionMediator.cpp(60,92): warning C4244: 'argument': conversion from 'int' to 'T', possible loss of data
          with
          [
              T=float
          ]
D:\Users\Danielle\Documents\CSC 591 Game Engine Foundations\SpaceInvaders\Server\CollisionMediator.cpp(60,75): warning C4244: 'argument': conversion from 'int' to 'T', possible loss of data
          with
          [
              T=float
          ]
D:\Users\Danielle\Documents\CSC 591 Game Engine Foundations\SpaceInvaders\Server\CollisionMediator.cpp(63,57): warning C4244: 'argument': conversion from 'int' to 'float', possible loss of data
D:\Users\Danielle\Documents\CSC 591 Game Engine Foundations\SpaceInvaders\Server\CollisionMediator.cpp(63,37): warning C4244: 'argument': conversion from 'int' to 'float', possible loss of data
D:\Users\Danielle\Documents\CSC 591 Game Engine Foundations\SpaceInvaders\Server\CollisionMediator.cpp(69,64): warning C4244: 'argument': conversion from 'int' to 'float', possible loss of data
D:\Users\Danielle\Documents\CSC 591 Game Engine Foundations\SpaceInvaders\Server\CollisionMediator.cpp(69,44): warning C4244: 'argument': conversion from 'int' to 'float', possible loss of data
  DrawAsEllipse.cpp
D:\Users\Danielle\Documents\CSC 591 Game Engine Foundations\SpaceInvaders\Server\EllipseShape.h(13,62): warning C4244: 'argument': conversion from 'double' to 'T', possible loss of data
          with
          [
              T=float
          ]
D:\Users\Danielle\Documents\CSC 591 Game Engine Foundations\SpaceInvaders\Server\EllipseShape.h(13,44): warning C4244: 'argument': conversion from 'double' to 'T', possible loss of data
          with
          [
              T=float
          ]
D:\Users\Danielle\Documents\CSC 591 Game Engine Foundations\SpaceInvaders\Server\DrawAsEllipse.cpp(13,67): warning C4244: 'argument': conversion from 'int' to 'T', possible loss of data
          with
          [
              T=float
          ]
D:\Users\Danielle\Documents\CSC 591 Game Engine Foundations\SpaceInvaders\Server\DrawAsEllipse.cpp(13,48): warning C4244: 'argument': conversion from 'int' to 'T', possible loss of data
          with
          [
              T=float
          ]
  DrawAsRectangle.cpp
D:\Users\Danielle\Documents\CSC 591 Game Engine Foundations\SpaceInvaders\Server\DrawAsRectangle.cpp(14,73): warning C4244: 'argument': conversion from 'int' to 'T', possible loss of data
          with
          [
              T=float
          ]
D:\Users\Danielle\Documents\CSC 591 Game Engine Foundations\SpaceInvaders\Server\DrawAsRectangle.cpp(14,54): warning C4244: 'argument': conversion from 'int' to 'T', possible loss of data
          with
          [
              T=float
          ]
  Event.cpp
D:\Users\Danielle\Documents\CSC 591 Game Engine Foundations\SpaceInvaders\Server\Event.cpp(61,20): warning C4018: '<': signed/unsigned mismatch
  EventManager.cpp
D:\Users\Danielle\Documents\CSC 591 Game Engine Foundations\SpaceInvaders\Server\EventManager.cpp(81,21): warning C4018: '<': signed/unsigned mismatch
D:\Users\Danielle\Documents\CSC 591 Game Engine Foundations\SpaceInvaders\Server\EventManager.cpp(108,23): warning C4018: '<': signed/unsigned mismatch
D:\Users\Danielle\Documents\CSC 591 Game Engine Foundations\SpaceInvaders\Server\EventManager.cpp(125,21): warning C4018: '<': signed/unsigned mismatch
D:\Users\Danielle\Documents\CSC 591 Game Engine Foundations\SpaceInvaders\Server\EventManager.cpp(137,21): warning C4018: '<': signed/unsigned mismatch
  GameObject.cpp
  GameTimeline.cpp
D:\Users\Danielle\Documents\CSC 591 Game Engine Foundations\SpaceInvaders\Server\GameTimeline.cpp(16,18): warning C4244: '=': conversion from 'int' to 'float', possible loss of data
D:\Users\Danielle\Documents\CSC 591 Game Engine Foundations\SpaceInvaders\Server\GameTimeline.cpp(19,34): warning C4244: '=': conversion from 'int' to 'float', possible loss of data
D:\Users\Danielle\Documents\CSC 591 Game Engine Foundations\SpaceInvaders\Server\GameTimeline.cpp(24,23): warning C4244: 'return': conversion from 'float' to 'int', possible loss of data
  InputHandler.cpp
D:\Users\Danielle\Documents\CSC 591 Game Engine Foundations\SpaceInvaders\Server\InputHandler.cpp(28,21): warning C4018: '<': signed/unsigned mismatch
  MoveByUserInput.cpp
  Player.cpp
  RealTimeline.cpp
D:\Users\Danielle\Documents\CSC 591 Game Engine Foundations\SpaceInvaders\Server\RealTimeline.cpp(11,92): warning C4244: 'return': conversion from 'float' to 'int', possible loss of data
  ScriptManager.cpp
D:\Users\Danielle\Documents\CSC 591 Game Engine Foundations\SpaceInvaders\Server\ScriptManager.h(2,10): warning C4067: unexpected tokens following preprocessor directive - expected a newline
D:\Users\Danielle\Documents\CSC 591 Game Engine Foundations\SpaceInvaders\lib\dukglue-master\include\dukglue\detail_primitive_types.h(41,1): warning C4244: 'argument': conversion from 'uint64_t' to 'duk_double_t', possible loss of data
D:\Users\Danielle\Documents\CSC 591 Game Engine Foundations\SpaceInvaders\lib\dukglue-master\include\dukglue\detail_primitive_types.h(41,1): message : This diagnostic occurred in the compiler generated function 'void dukglue::types::DukType<uint64_t>::push(duk_context *,uint64_t)'
D:\Users\Danielle\Documents\CSC 591 Game Engine Foundations\SpaceInvaders\lib\dukglue-master\include\dukglue\detail_primitive_types.h(46,1): warning C4244: 'argument': conversion from 'int64_t' to 'duk_double_t', possible loss of data
D:\Users\Danielle\Documents\CSC 591 Game Engine Foundations\SpaceInvaders\lib\dukglue-master\include\dukglue\detail_primitive_types.h(46,1): message : This diagnostic occurred in the compiler generated function 'void dukglue::types::DukType<int64_t>::push(duk_context *,int64_t)'
  Client.cpp
D:\Users\Danielle\Documents\CSC 591 Game Engine Foundations\SpaceInvaders\Server\ScriptManager.h(2,10): warning C4067: unexpected tokens following preprocessor directive - expected a newline
D:\Users\Danielle\Documents\CSC 591 Game Engine Foundations\SpaceInvaders\lib\dukglue-master\include\dukglue\detail_primitive_types.h(41,1): warning C4244: 'argument': conversion from 'uint64_t' to 'duk_double_t', possible loss of data
D:\Users\Danielle\Documents\CSC 591 Game Engine Foundations\SpaceInvaders\lib\dukglue-master\include\dukglue\detail_primitive_types.h(41,1): message : This diagnostic occurred in the compiler generated function 'void dukglue::types::DukType<uint64_t>::push(duk_context *,uint64_t)'
D:\Users\Danielle\Documents\CSC 591 Game Engine Foundations\SpaceInvaders\lib\dukglue-master\include\dukglue\detail_primitive_types.h(46,1): warning C4244: 'argument': conversion from 'int64_t' to 'duk_double_t', possible loss of data
D:\Users\Danielle\Documents\CSC 591 Game Engine Foundations\SpaceInvaders\lib\dukglue-master\include\dukglue\detail_primitive_types.h(46,1): message : This diagnostic occurred in the compiler generated function 'void dukglue::types::DukType<int64_t>::push(duk_context *,int64_t)'
D:\Users\Danielle\Documents\CSC 591 Game Engine Foundations\SpaceInvaders\Client\Client.cpp(32,26): warning C4244: 'initializing': conversion from 'int' to 'float', possible loss of data
D:\Users\Danielle\Documents\CSC 591 Game Engine Foundations\SpaceInvaders\Client\Client.cpp(83,108): warning C4305: 'argument': truncation from 'double' to 'float'
D:\Users\Danielle\Documents\CSC 591 Game Engine Foundations\SpaceInvaders\Client\Client.cpp(110,84): warning C4244: 'argument': conversion from 'int' to 'float', possible loss of data
D:\Users\Danielle\Documents\CSC 591 Game Engine Foundations\SpaceInvaders\Client\Client.cpp(110,64): warning C4244: 'argument': conversion from 'int' to 'float', possible loss of data
D:\Users\Danielle\Documents\CSC 591 Game Engine Foundations\SpaceInvaders\Client\Client.cpp(120,83): warning C4244: 'argument': conversion from 'int' to 'float', possible loss of data
D:\Users\Danielle\Documents\CSC 591 Game Engine Foundations\SpaceInvaders\Client\Client.cpp(120,63): warning C4244: 'argument': conversion from 'int' to 'float', possible loss of data
D:\Users\Danielle\Documents\CSC 591 Game Engine Foundations\SpaceInvaders\Client\Client.cpp(132,82): warning C4244: 'argument': conversion from 'int' to 'float', possible loss of data
D:\Users\Danielle\Documents\CSC 591 Game Engine Foundations\SpaceInvaders\Client\Client.cpp(132,62): warning C4244: 'argument': conversion from 'int' to 'float', possible loss of data
D:\Users\Danielle\Documents\CSC 591 Game Engine Foundations\SpaceInvaders\Client\Client.cpp(162,27): warning C4018: '<': signed/unsigned mismatch
D:\Users\Danielle\Documents\CSC 591 Game Engine Foundations\SpaceInvaders\Client\Client.cpp(170,45): warning C4244: '=': conversion from 'int' to 'float', possible loss of data
D:\Users\Danielle\Documents\CSC 591 Game Engine Foundations\SpaceInvaders\Client\Client.cpp(173,56): warning C4244: 'argument': conversion from 'int' to 'float', possible loss of data
D:\Users\Danielle\Documents\CSC 591 Game Engine Foundations\SpaceInvaders\Client\Client.cpp(177,31): warning C4018: '<': signed/unsigned mismatch
  Generating Code...
D:\Users\Danielle\Documents\CSC 591 Game Engine Foundations\SpaceInvaders\Server\EventManager.cpp(144): warning C4715: 'EventManager::getEventsForServer': not all control paths return a value
D:\Users\Danielle\Documents\CSC 591 Game Engine Foundations\SpaceInvaders\Server\Event.cpp(18): warning C4715: 'Event::getArg': not all control paths return a value
D:\Users\Danielle\Documents\CSC 591 Game Engine Foundations\SpaceInvaders\Server\Event.cpp(35): warning C4715: 'Event::getFloatArg': not all control paths return a value
D:\Users\Danielle\Documents\CSC 591 Game Engine Foundations\SpaceInvaders\Server\Event.cpp(54): warning C4715: 'Event::getPlayerArg': not all control paths return a value
  Client.vcxproj -> D:\Users\Danielle\Documents\CSC 591 Game Engine Foundations\SpaceInvaders\Debug\Client.exe
