d:\users\danielle\documents\csc 591 game engine foundations\spaceinvaders\server\debug\vc142.pdb
d:\users\danielle\documents\csc 591 game engine foundations\spaceinvaders\server\debug\vc142.idb
d:\users\danielle\documents\csc 591 game engine foundations\spaceinvaders\server\debug\duktape.obj
d:\users\danielle\documents\csc 591 game engine foundations\spaceinvaders\server\debug\thread.obj
d:\users\danielle\documents\csc 591 game engine foundations\spaceinvaders\server\debug\server.obj
d:\users\danielle\documents\csc 591 game engine foundations\spaceinvaders\server\debug\scriptmanager.obj
d:\users\danielle\documents\csc 591 game engine foundations\spaceinvaders\server\debug\realtimeline.obj
d:\users\danielle\documents\csc 591 game engine foundations\spaceinvaders\server\debug\player.obj
d:\users\danielle\documents\csc 591 game engine foundations\spaceinvaders\server\debug\movebyuserinput.obj
d:\users\danielle\documents\csc 591 game engine foundations\spaceinvaders\server\debug\movebypattern.obj
d:\users\danielle\documents\csc 591 game engine foundations\spaceinvaders\server\debug\inputhandler.obj
d:\users\danielle\documents\csc 591 game engine foundations\spaceinvaders\server\debug\gametimeline.obj
d:\users\danielle\documents\csc 591 game engine foundations\spaceinvaders\server\debug\gameobject.obj
d:\users\danielle\documents\csc 591 game engine foundations\spaceinvaders\server\debug\eventmanager.obj
d:\users\danielle\documents\csc 591 game engine foundations\spaceinvaders\server\debug\event.obj
d:\users\danielle\documents\csc 591 game engine foundations\spaceinvaders\server\debug\drawasrectangle.obj
d:\users\danielle\documents\csc 591 game engine foundations\spaceinvaders\server\debug\drawasellipse.obj
d:\users\danielle\documents\csc 591 game engine foundations\spaceinvaders\server\debug\collisionmediator.obj
d:\users\danielle\documents\csc 591 game engine foundations\spaceinvaders\server\debug\bullet.obj
d:\users\danielle\documents\csc 591 game engine foundations\spaceinvaders\server\debug\alien.obj
d:\users\danielle\documents\csc 591 game engine foundations\spaceinvaders\server\debug\servereventhandler.obj
d:\users\danielle\documents\csc 591 game engine foundations\spaceinvaders\debug\server.exe
d:\users\danielle\documents\csc 591 game engine foundations\spaceinvaders\debug\server.ilk
d:\users\danielle\documents\csc 591 game engine foundations\spaceinvaders\debug\server.pdb
d:\users\danielle\documents\csc 591 game engine foundations\spaceinvaders\server\debug\server.tlog\cl.command.1.tlog
d:\users\danielle\documents\csc 591 game engine foundations\spaceinvaders\server\debug\server.tlog\cl.read.1.tlog
d:\users\danielle\documents\csc 591 game engine foundations\spaceinvaders\server\debug\server.tlog\cl.write.1.tlog
d:\users\danielle\documents\csc 591 game engine foundations\spaceinvaders\server\debug\server.tlog\link.command.1.tlog
d:\users\danielle\documents\csc 591 game engine foundations\spaceinvaders\server\debug\server.tlog\link.read.1.tlog
d:\users\danielle\documents\csc 591 game engine foundations\spaceinvaders\server\debug\server.tlog\link.write.1.tlog
